<?xml version="1.0" encoding="UTF-8"?>
<!-- Generated by org.testng.reporters.JUnitReportReporter -->
<testsuite hostname="DESKTOP-67JN0NJ" failures="0" tests="2" name="isapepito.Mavenjava.SeleniumTest" time="0.002" errors="0" timestamp="2021-12-06T08:26:48 CST" skipped="0">
  <testcase classname="isapepito.Mavenjava.SeleniumTest" name="elementsUI" time="0.001"/>
  <system-out/>
  <testcase classname="isapepito.Mavenjava.SeleniumTest" name="BrowserAutomation" time="0.001"/>
  <system-out/>
</testsuite> <!-- isapepito.Mavenjava.SeleniumTest -->
