<?xml version="1.0" encoding="UTF-8"?>
<!-- Generated by org.testng.reporters.JUnitReportReporter -->
<testsuite hostname="DESKTOP-67JN0NJ" failures="0" tests="2" name="isapepito.Mavenjava.AppiumTest" time="0.009" errors="0" timestamp="2021-12-06T08:26:48 CST" skipped="0">
  <testcase classname="isapepito.Mavenjava.AppiumTest" name="IOSApps" time="0.008"/>
  <system-out/>
  <testcase classname="isapepito.Mavenjava.AppiumTest" name="NativeAppAndroid" time="0.001"/>
  <system-out/>
</testsuite> <!-- isapepito.Mavenjava.AppiumTest -->
