<?xml version="1.0" encoding="UTF-8"?>
<!-- Generated by org.testng.reporters.JUnitReportReporter -->
<testsuite skipped="0" hostname="DESKTOP-67JN0NJ" name="isapepito.Mavenjava.SeleniumTest" tests="2" failures="0" timestamp="2021-11-24T15:00:31 CST" time="0.001" errors="0">
  <testcase name="BrowserAutomation" time="0.001" classname="isapepito.Mavenjava.SeleniumTest"/>
  <system-out/>
  <testcase name="elementsUI" time="0.000" classname="isapepito.Mavenjava.SeleniumTest"/>
  <system-out/>
</testsuite> <!-- isapepito.Mavenjava.SeleniumTest -->
