<?xml version="1.0" encoding="UTF-8"?>
<!-- Generated by org.testng.reporters.JUnitReportReporter -->
<testsuite skipped="0" hostname="DESKTOP-67JN0NJ" name="isapepito.Mavenjava.RESTAPITest" tests="2" failures="0" timestamp="2021-11-24T15:00:15 CST" time="0.001" errors="0">
  <testcase name="postJira" time="0.000" classname="isapepito.Mavenjava.RESTAPITest"/>
  <system-out/>
  <testcase name="deleteTwitter" time="0.001" classname="isapepito.Mavenjava.RESTAPITest"/>
  <system-out/>
</testsuite> <!-- isapepito.Mavenjava.RESTAPITest -->
