<?xml version="1.0" encoding="UTF-8"?>
<!-- Generated by org.testng.reporters.JUnitReportReporter -->
<testsuite skipped="0" hostname="DESKTOP-67JN0NJ" name="isapepito.Mavenjava.AppiumTest" tests="2" failures="0" timestamp="2021-11-24T15:00:31 CST" time="0.005" errors="0">
  <testcase name="IOSApps" time="0.005" classname="isapepito.Mavenjava.AppiumTest"/>
  <system-out/>
  <testcase name="NativeAppAndroid" time="0.000" classname="isapepito.Mavenjava.AppiumTest"/>
  <system-out/>
</testsuite> <!-- isapepito.Mavenjava.AppiumTest -->
